<?xml version="1.0" encoding="UTF-8"?><testsuite failures="0" tests="2">
<testcase classname="Check createPage functionality" name="CreatePage scenario" time="53.479989">
<system-out><![CDATA[Given I am logged in "Mozilla".......................................................passed
Then "createPageLink" element should be present...............................................passed
And I click on "createPageLink".......................................................passed
And I enter "PageHeading" as "This is confluence product test".......................................passed
And I click on "saveButton".........................................................passed
Then "PageTitle" should be "This is confluence product test"........................................passed
]]></system-out>
</testcase>
<testcase classname="Page Restrictions test feature" name="Put page restrictions scenario" time="9.526294">
<system-out><![CDATA[And I click on "***Menu"..........................................................passed
And I click on "RestrictionsMenuOption"...................................................passed
Then "RestrictionsMenuArrowButton" element should be present........................................passed
And I select "EditingRestrictionsMenuOption"................................................passed
And I click on "applyButton"........................................................passed
Then "EditingrestrictionsImage" element should be present..........................................passed
]]></system-out>
</testcase>
</testsuite>
